<?xml version="1.0" ?>
<coverage version="6.1.2" timestamp="1638001715953" lines-valid="9" lines-covered="9" line-rate="1" branches-covered="0" branches-valid="0" branch-rate="0" complexity="0">
	<!-- Generated by coverage.py: https://coverage.readthedocs.io -->
	<!-- Based on https://raw.githubusercontent.com/cobertura/web/master/htdocs/xml/coverage-04.dtd -->
	<sources>
		<source>/home/tech-man/Documents/101-Random-Exercise-Python</source>
	</sources>
	<packages>
		<package name="06. Factorial.factorial" line-rate="1" branch-rate="0" complexity="0">
			<classes>
				<class name="__init__.py" filename="06. Factorial/factorial/__init__.py" complexity="0" line-rate="1" branch-rate="0">
					<methods/>
					<lines>
						<line number="1" hits="1"/>
					</lines>
				</class>
				<class name="factorial.py" filename="06. Factorial/factorial/factorial.py" complexity="0" line-rate="1" branch-rate="0">
					<methods/>
					<lines>
						<line number="1" hits="1"/>
						<line number="2" hits="1"/>
						<line number="3" hits="1"/>
						<line number="4" hits="1"/>
						<line number="6" hits="1"/>
					</lines>
				</class>
			</classes>
		</package>
		<package name="06. Factorial.tests" line-rate="1" branch-rate="0" complexity="0">
			<classes>
				<class name="__init__.py" filename="06. Factorial/tests/__init__.py" complexity="0" line-rate="1" branch-rate="0">
					<methods/>
					<lines/>
				</class>
				<class name="test_factorial.py" filename="06. Factorial/tests/test_factorial.py" complexity="0" line-rate="1" branch-rate="0">
					<methods/>
					<lines>
						<line number="1" hits="1"/>
						<line number="3" hits="1"/>
						<line number="4" hits="1"/>
					</lines>
				</class>
			</classes>
		</package>
	</packages>
</coverage>
